This is pdfTeX, Version 3.1415926-1.40.10 (TeX Live 2009) (format=pdflatex 2010.8.28)  19 OCT 2012 16:55
entering extended mode
 \write18 enabled.
 file:line:error style messages enabled.
 %&-line parsing enabled.
**poster-surf.tex
(./poster-surf.tex
LaTeX2e <2009/09/24>
Babel <v3.8l> and hyphenation patterns for english, usenglishmax, dumylang, noh
yphenation, basque, danish, dutch, finnish, french, german, ngerman, hungarian,
 italian, bokmal, nynorsk, polish, portuguese, spanish, swedish, ukenglish, loa
ded.
(/usr/local/texlive/2009basic/texmf-dist/tex/latex/beamer/beamer.cls
(/usr/local/texlive/2009basic/texmf-dist/tex/latex/beamer/beamerbasercs.sty
Package: beamerbasercs 2007/01/28 (rcs-revision 1.4)
)
Document Class: beamer 2007/03/11 cvs version 3.07 A class for typesetting pres
entations (rcs-revision 1.70)
(/usr/local/texlive/2009basic/texmf-dist/tex/latex/beamer/beamerbasemodes.sty
Package: beamerbasemodes 2007/01/28 (rcs-revision 1.22)
\beamer@tempbox=\box26
\beamer@tempcount=\count79
\c@beamerpauses=\count80

(/usr/local/texlive/2009basic/texmf-dist/tex/latex/beamer/beamerbasedecode.sty
Package: beamerbasedecode 2007/01/28 (rcs-revision 1.20)
\beamer@slideinframe=\count81
\beamer@minimum=\count82
)
\beamer@commentbox=\box27
\beamer@modecount=\count83
)
\headheight=\dimen102
\headdp=\dimen103
\footheight=\dimen104
\sidebarheight=\dimen105
\beamer@tempdim=\dimen106
\beamer@finalheight=\dimen107
\beamer@animht=\dimen108
\beamer@animdp=\dimen109
\beamer@animwd=\dimen110
\beamer@leftmargin=\dimen111
\beamer@rightmargin=\dimen112
\beamer@leftsidebar=\dimen113
\beamer@rightsidebar=\dimen114
\beamer@boxsize=\dimen115
\beamer@vboxoffset=\dimen116
\beamer@descdefault=\dimen117
\beamer@descriptionwidth=\dimen118
\beamer@lastskip=\skip41
\beamer@areabox=\box28
\beamer@animcurrent=\box29
\beamer@animshowbox=\box30
\beamer@sectionbox=\box31
\beamer@logobox=\box32
\beamer@linebox=\box33
\beamer@sectioncount=\count84
\beamer@subsubsectionmax=\count85
\beamer@subsectionmax=\count86
\beamer@sectionmax=\count87
\beamer@totalheads=\count88
\beamer@headcounter=\count89
\beamer@partstartpage=\count90
\beamer@sectionstartpage=\count91
\beamer@subsectionstartpage=\count92
\beamer@animationtempa=\count93
\beamer@animationtempb=\count94
\beamer@xpos=\count95
\beamer@ypos=\count96
\beamer@showpartnumber=\count97
\beamer@currentsubsection=\count98
\beamer@coveringdepth=\count99
\beamer@sectionadjust=\count100
\beamer@tocsectionnumber=\count101

(/usr/local/texlive/2009basic/texmf-dist/tex/latex/beamer/beamerbaseoptions.sty
Package: beamerbaseoptions 2007/01/28 (rcs-revision 1.8)
(/usr/local/texlive/2009basic/texmf-dist/tex/latex/graphics/keyval.sty
Package: keyval 1999/03/16 v1.13 key=value parser (DPC)
\KV@toks@=\toks14
))
(/usr/local/texlive/2009basic/texmf-dist/tex/latex/pgf/basiclayer/pgfcore.sty
(/usr/local/texlive/2009basic/texmf-dist/tex/latex/graphics/graphicx.sty
Package: graphicx 1999/02/16 v1.0f Enhanced LaTeX Graphics (DPC,SPQR)

(/usr/local/texlive/2009basic/texmf-dist/tex/latex/graphics/graphics.sty
Package: graphics 2009/02/05 v1.0o Standard LaTeX Graphics (DPC,SPQR)

(/usr/local/texlive/2009basic/texmf-dist/tex/latex/graphics/trig.sty
Package: trig 1999/03/16 v1.09 sin cos tan (DPC)
)
(/usr/local/texlive/2009basic/texmf-dist/tex/latex/latexconfig/graphics.cfg
File: graphics.cfg 2009/08/28 v1.8 graphics configuration of TeX Live
)
Package graphics Info: Driver file: pdftex.def on input line 91.

(/usr/local/texlive/2009basic/texmf-dist/tex/latex/pdftex-def/pdftex.def
File: pdftex.def 2009/08/25 v0.04m Graphics/color for pdfTeX
\Gread@gobject=\count102
))
\Gin@req@height=\dimen119
\Gin@req@width=\dimen120
)
(/usr/local/texlive/2009basic/texmf-dist/tex/latex/pgf/systemlayer/pgfsys.sty
(/usr/local/texlive/2009basic/texmf-dist/tex/latex/pgf/utilities/pgfrcs.sty
(/usr/local/texlive/2009basic/texmf-dist/tex/generic/pgf/utilities/pgfutil-comm
on.tex
\pgfutil@everybye=\toks15
)
(/usr/local/texlive/2009basic/texmf-dist/tex/generic/pgf/utilities/pgfutil-late
x.def)
(/usr/local/texlive/2009basic/texmf-dist/tex/generic/pgf/utilities/pgfrcs.code.
tex
Package: pgfrcs 2008/02/20 v2.00 (rcs-revision 1.21)
))
(/usr/local/texlive/2009basic/texmf-dist/tex/generic/pgf/systemlayer/pgfsys.cod
e.tex
Package: pgfsys 2008/02/07 v2.00 (rcs-revision 1.31)

(/usr/local/texlive/2009basic/texmf-dist/tex/generic/pgf/utilities/pgfkeys.code
.tex
\pgfkeys@pathtoks=\toks16
\pgfkeys@temptoks=\toks17
)
\pgf@x=\dimen121
\pgf@y=\dimen122
\pgf@xa=\dimen123
\pgf@ya=\dimen124
\pgf@xb=\dimen125
\pgf@yb=\dimen126
\pgf@xc=\dimen127
\pgf@yc=\dimen128
\c@pgf@counta=\count103
\c@pgf@countb=\count104
\c@pgf@countc=\count105
\c@pgf@countd=\count106

(/usr/local/texlive/2009basic/texmf-dist/tex/generic/pgf/systemlayer/pgf.cfg
File: pgf.cfg 2008/01/13  (rcs-revision 1.6)
)
Package pgfsys Info: Driver file for pgf: pgfsys-pdftex.def on input line 885.

(/usr/local/texlive/2009basic/texmf-dist/tex/generic/pgf/systemlayer/pgfsys-pdf
tex.def
File: pgfsys-pdftex.def 2007/12/20  (rcs-revision 1.20)

(/usr/local/texlive/2009basic/texmf-dist/tex/generic/pgf/systemlayer/pgfsys-com
mon-pdf.def
File: pgfsys-common-pdf.def 2007/12/17  (rcs-revision 1.8)
)))
(/usr/local/texlive/2009basic/texmf-dist/tex/generic/pgf/systemlayer/pgfsyssoft
path.code.tex
File: pgfsyssoftpath.code.tex 2008/01/23  (rcs-revision 1.6)
\pgfsyssoftpath@smallbuffer@items=\count107
\pgfsyssoftpath@bigbuffer@items=\count108
)
(/usr/local/texlive/2009basic/texmf-dist/tex/generic/pgf/systemlayer/pgfsysprot
ocol.code.tex
File: pgfsysprotocol.code.tex 2006/10/16  (rcs-revision 1.4)
))
(/usr/local/texlive/2009basic/texmf-dist/tex/latex/xcolor/xcolor.sty
Package: xcolor 2007/01/21 v2.11 LaTeX color extensions (UK)

(/usr/local/texlive/2009basic/texmf-dist/tex/latex/latexconfig/color.cfg
File: color.cfg 2007/01/18 v1.5 color configuration of teTeX/TeXLive
)
Package xcolor Info: Driver file: pdftex.def on input line 225.
Package xcolor Info: Model `cmy' substituted by `cmy0' on input line 1337.
Package xcolor Info: Model `hsb' substituted by `rgb' on input line 1341.
Package xcolor Info: Model `RGB' extended on input line 1353.
Package xcolor Info: Model `HTML' substituted by `rgb' on input line 1355.
Package xcolor Info: Model `Hsb' substituted by `hsb' on input line 1356.
Package xcolor Info: Model `tHsb' substituted by `hsb' on input line 1357.
Package xcolor Info: Model `HSB' substituted by `hsb' on input line 1358.
Package xcolor Info: Model `Gray' substituted by `gray' on input line 1359.
Package xcolor Info: Model `wave' substituted by `hsb' on input line 1360.
)
(/usr/local/texlive/2009basic/texmf-dist/tex/generic/pgf/basiclayer/pgfcore.cod
e.tex
Package: pgfcore 2008/01/15 v2.00 (rcs-revision 1.6)

(/usr/local/texlive/2009basic/texmf-dist/tex/generic/pgf/math/pgfmath.code.tex
(/usr/local/texlive/2009basic/texmf-dist/tex/generic/pgf/math/pgfmathcalc.code.
tex
(/usr/local/texlive/2009basic/texmf-dist/tex/generic/pgf/math/pgfmathutil.code.
tex
\pgfmath@box=\box34
)
(/usr/local/texlive/2009basic/texmf-dist/tex/generic/pgf/math/pgfmathparser.cod
e.tex
\pgfmath@stack=\toks18
\c@pgfmath@parsecounta=\count109
\c@pgfmath@parsecountb=\count110
\c@pgfmath@parsecountc=\count111
\pgfmath@parsex=\dimen129
)
(/usr/local/texlive/2009basic/texmf-dist/tex/generic/pgf/math/pgfmathoperations
.code.tex
(/usr/local/texlive/2009basic/texmf-dist/tex/generic/pgf/math/pgfmathtrig.code.
tex)
(/usr/local/texlive/2009basic/texmf-dist/tex/generic/pgf/math/pgfmathrnd.code.t
ex))
(/usr/local/texlive/2009basic/texmf-dist/tex/generic/pgf/math/pgfmathbase.code.
tex)))
(/usr/local/texlive/2009basic/texmf-dist/tex/generic/pgf/basiclayer/pgfcorepoin
ts.code.tex
File: pgfcorepoints.code.tex 2008/02/03  (rcs-revision 1.13)
\pgf@picminx=\dimen130
\pgf@picmaxx=\dimen131
\pgf@picminy=\dimen132
\pgf@picmaxy=\dimen133
\pgf@pathminx=\dimen134
\pgf@pathmaxx=\dimen135
\pgf@pathminy=\dimen136
\pgf@pathmaxy=\dimen137
\pgf@xx=\dimen138
\pgf@xy=\dimen139
\pgf@yx=\dimen140
\pgf@yy=\dimen141
\pgf@zx=\dimen142
\pgf@zy=\dimen143
)
(/usr/local/texlive/2009basic/texmf-dist/tex/generic/pgf/basiclayer/pgfcorepath
construct.code.tex
File: pgfcorepathconstruct.code.tex 2008/02/13  (rcs-revision 1.14)
\pgf@path@lastx=\dimen144
\pgf@path@lasty=\dimen145
)
(/usr/local/texlive/2009basic/texmf-dist/tex/generic/pgf/basiclayer/pgfcorepath
usage.code.tex
File: pgfcorepathusage.code.tex 2008/01/23  (rcs-revision 1.11)
\pgf@shorten@end@additional=\dimen146
\pgf@shorten@start@additional=\dimen147
)
(/usr/local/texlive/2009basic/texmf-dist/tex/generic/pgf/basiclayer/pgfcorescop
es.code.tex
File: pgfcorescopes.code.tex 2008/01/15  (rcs-revision 1.26)
\pgfpic=\box35
\pgf@hbox=\box36
\pgf@layerbox@main=\box37
\pgf@picture@serial@count=\count112
)
(/usr/local/texlive/2009basic/texmf-dist/tex/generic/pgf/basiclayer/pgfcoregrap
hicstate.code.tex
File: pgfcoregraphicstate.code.tex 2007/12/12  (rcs-revision 1.8)
\pgflinewidth=\dimen148
)
(/usr/local/texlive/2009basic/texmf-dist/tex/generic/pgf/basiclayer/pgfcoretran
sformations.code.tex
File: pgfcoretransformations.code.tex 2008/02/04  (rcs-revision 1.10)
\pgf@pt@x=\dimen149
\pgf@pt@y=\dimen150
\pgf@pt@temp=\dimen151
)
(/usr/local/texlive/2009basic/texmf-dist/tex/generic/pgf/basiclayer/pgfcorequic
k.code.tex
File: pgfcorequick.code.tex 2006/10/11  (rcs-revision 1.2)
)
(/usr/local/texlive/2009basic/texmf-dist/tex/generic/pgf/basiclayer/pgfcoreobje
cts.code.tex
File: pgfcoreobjects.code.tex 2006/10/11  (rcs-revision 1.2)
)
(/usr/local/texlive/2009basic/texmf-dist/tex/generic/pgf/basiclayer/pgfcorepath
processing.code.tex
File: pgfcorepathprocessing.code.tex 2008/01/23  (rcs-revision 1.7)
)
(/usr/local/texlive/2009basic/texmf-dist/tex/generic/pgf/basiclayer/pgfcorearro
ws.code.tex
File: pgfcorearrows.code.tex 2007/06/07  (rcs-revision 1.8)
)
(/usr/local/texlive/2009basic/texmf-dist/tex/generic/pgf/basiclayer/pgfcoreshad
e.code.tex
File: pgfcoreshade.code.tex 2007/12/10  (rcs-revision 1.9)
\pgf@max=\dimen152
\pgf@sys@shading@range@num=\count113
)
(/usr/local/texlive/2009basic/texmf-dist/tex/generic/pgf/basiclayer/pgfcoreimag
e.code.tex
File: pgfcoreimage.code.tex 2008/01/15  (rcs-revision 1.1)
\pgfexternal@startupbox=\box38
)
(/usr/local/texlive/2009basic/texmf-dist/tex/generic/pgf/basiclayer/pgfcorelaye
rs.code.tex
File: pgfcorelayers.code.tex 2008/01/15  (rcs-revision 1.1)
)
(/usr/local/texlive/2009basic/texmf-dist/tex/generic/pgf/basiclayer/pgfcoretran
sparency.code.tex
File: pgfcoretransparency.code.tex 2008/01/17  (rcs-revision 1.2)
)
(/usr/local/texlive/2009basic/texmf-dist/tex/generic/pgf/basiclayer/pgfcorepatt
erns.code.tex
File: pgfcorepatterns.code.tex 2008/01/15  (rcs-revision 1.1)
)))
(/usr/local/texlive/2009basic/texmf-dist/tex/latex/pgf/basiclayer/pgfbaseimage.
sty

Package pgf Warning: This package is obsolete and no longer needed on input lin
e 13.

) (/usr/local/texlive/2009basic/texmf-dist/tex/latex/pgf/utilities/xxcolor.sty
Package: xxcolor 2003/10/24 ver 0.1
\XC@nummixins=\count114
\XC@countmixins=\count115
) (/usr/local/texlive/2009basic/texmf-dist/tex/latex/amsfonts/amssymb.sty
Package: amssymb 2009/06/22 v3.00

(/usr/local/texlive/2009basic/texmf-dist/tex/latex/amsfonts/amsfonts.sty
Package: amsfonts 2009/06/22 v3.00 Basic AMSFonts support
\@emptytoks=\toks19
\symAMSa=\mathgroup4
\symAMSb=\mathgroup5
LaTeX Font Info:    Overwriting math alphabet `\mathfrak' in version `bold'
(Font)                  U/euf/m/n --> U/euf/b/n on input line 96.
))
(/usr/local/texlive/2009basic/texmf-dist/tex/latex/geometry/geometry.sty
Package: geometry 2008/12/21 v4.2 Page Geometry

(/usr/local/texlive/2009basic/texmf-dist/tex/generic/oberdiek/ifpdf.sty
Package: ifpdf 2009/04/10 v2.0 Provides the ifpdf switch (HO)
Package ifpdf Info: pdfTeX in pdf mode detected.
)
(/usr/local/texlive/2009basic/texmf-dist/tex/generic/oberdiek/ifvtex.sty
Package: ifvtex 2008/11/04 v1.4 Switches for detecting VTeX and its modes (HO)
Package ifvtex Info: VTeX not detected.
)
\Gm@cnth=\count116
\Gm@cntv=\count117
\c@Gm@tempcnt=\count118
\Gm@bindingoffset=\dimen153
\Gm@wd@mp=\dimen154
\Gm@odd@mp=\dimen155
\Gm@even@mp=\dimen156
\Gm@dimlist=\toks20

(/usr/local/texlive/2009basic/texmf-dist/tex/xelatex/xetexconfig/geometry.cfg))
(/usr/local/texlive/2009basic/texmf-dist/tex/latex/hyperref/hyperref.sty
Package: hyperref 2010/01/11 v6.80b Hypertext links for LaTeX

(/usr/local/texlive/2009basic/texmf-dist/tex/generic/oberdiek/kvsetkeys.sty
Package: kvsetkeys 2009/12/22 v1.7 Key value parser (HO)

(/usr/local/texlive/2009basic/texmf-dist/tex/generic/oberdiek/infwarerr.sty
Package: infwarerr 2007/09/09 v1.2 Providing info/warning/message (HO)
)
(/usr/local/texlive/2009basic/texmf-dist/tex/generic/oberdiek/etexcmds.sty
Package: etexcmds 2007/12/12 v1.2 Prefix for e-TeX command names (HO)
Package etexcmds Info: Could not find \expanded.
(etexcmds)             That can mean that you are not using pdfTeX 1.50 or
(etexcmds)             that some package has redefined \expanded.
(etexcmds)             In the latter case, load this package earlier.
))
(/usr/local/texlive/2009basic/texmf-dist/tex/generic/oberdiek/pdfescape.sty
Package: pdfescape 2007/11/11 v1.8 Provides hex, PDF name and string conversion
s (HO)

(/usr/local/texlive/2009basic/texmf-dist/tex/generic/oberdiek/pdftexcmds.sty
Package: pdftexcmds 2009/12/12 v0.7 Utility functions of pdfTeX for LuaTeX (HO)


(/usr/local/texlive/2009basic/texmf-dist/tex/generic/oberdiek/ifluatex.sty
Package: ifluatex 2009/04/17 v1.2 Provides the ifluatex switch (HO)
Package ifluatex Info: LuaTeX not detected.
)
(/usr/local/texlive/2009basic/texmf-dist/tex/generic/oberdiek/ltxcmds.sty
Package: ltxcmds 2009/12/12 v1.1 LaTeX kernel commands for general use (HO)
)
Package pdftexcmds Info: LuaTeX not detected.
Package pdftexcmds Info: \pdf@primitive is available.
Package pdftexcmds Info: \pdf@ifprimitive is available.
))
(/usr/local/texlive/2009basic/texmf-dist/tex/generic/ifxetex/ifxetex.sty
Package: ifxetex 2009/01/23 v0.5 Provides ifxetex conditional
)
(/usr/local/texlive/2009basic/texmf-dist/tex/latex/oberdiek/hycolor.sty
Package: hycolor 2009/12/12 v1.6 Color options of hyperref/bookmark (HO)

(/usr/local/texlive/2009basic/texmf-dist/tex/latex/oberdiek/xcolor-patch.sty
Package: xcolor-patch 2009/12/12 xcolor patch
))
\@linkdim=\dimen157
\Hy@linkcounter=\count119
\Hy@pagecounter=\count120

(/usr/local/texlive/2009basic/texmf-dist/tex/latex/hyperref/pd1enc.def
File: pd1enc.def 2010/01/11 v6.80b Hyperref: PDFDocEncoding definition (HO)
)
(/usr/local/texlive/2009basic/texmf-dist/tex/generic/oberdiek/intcalc.sty
Package: intcalc 2007/09/27 v1.1 Expandable integer calculations (HO)
)
(/usr/local/texlive/2009basic/texmf-dist/tex/latex/latexconfig/hyperref.cfg
File: hyperref.cfg 2002/06/06 v1.2 hyperref configuration of TeXLive
)
(/usr/local/texlive/2009basic/texmf-dist/tex/latex/oberdiek/kvoptions.sty
Package: kvoptions 2009/12/08 v3.6 Keyval support for LaTeX options (HO)
)
Package hyperref Info: Option `final' set `true' on input line 3209.
Package hyperref Info: Option `bookmarks' set `true' on input line 3209.
Package hyperref Info: Option `bookmarksopen' set `true' on input line 3209.
Package hyperref Info: Option `pdfpagelabels' set `false' on input line 3209.
Package hyperref Info: Option `implicit' set `false' on input line 3209.
Package hyperref Info: Hyper figures OFF on input line 3290.
Package hyperref Info: Link nesting OFF on input line 3295.
Package hyperref Info: Hyper index ON on input line 3298.
Package hyperref Info: Plain pages OFF on input line 3305.
Package hyperref Info: Backreferencing OFF on input line 3310.

Implicit mode OFF; no redefinition of LaTeX internals
Package hyperref Info: Bookmarks ON on input line 3506.
(/usr/local/texlive/2009basic/texmf-dist/tex/latex/ltxmisc/url.sty
\Urlmuskip=\muskip10
Package: url 2006/04/12  ver 3.3  Verb mode for urls, etc.
)
LaTeX Info: Redefining \url on input line 3743.

(/usr/local/texlive/2009basic/texmf-dist/tex/generic/oberdiek/bitset.sty
Package: bitset 2007/09/28 v1.0 Data type bit set (HO)

(/usr/local/texlive/2009basic/texmf-dist/tex/generic/oberdiek/bigintcalc.sty
Package: bigintcalc 2007/11/11 v1.1 Expandable big integer calculations (HO)
))
\Fld@menulength=\count121
\Field@Width=\dimen158
\Fld@charsize=\dimen159
\Field@toks=\toks21
Package hyperref Info: Hyper figures OFF on input line 4702.
Package hyperref Info: Link nesting OFF on input line 4707.
Package hyperref Info: Hyper index ON on input line 4710.
Package hyperref Info: backreferencing OFF on input line 4717.
Package hyperref Info: Link coloring OFF on input line 4722.
Package hyperref Info: Link coloring with OCG OFF on input line 4727.
Package hyperref Info: PDF/A mode OFF on input line 4732.

(/usr/local/texlive/2009basic/texmf-dist/tex/generic/oberdiek/atbegshi.sty
Package: atbegshi 2009/12/02 v1.10 At begin shipout hook (HO)
)
Hyperref stopped early
)
*hyperref using default driver hpdftex*
(/usr/local/texlive/2009basic/texmf-dist/tex/latex/hyperref/hpdftex.def
File: hpdftex.def 2010/01/11 v6.80b Hyperref driver for pdfTeX
\Fld@listcount=\count122
\c@bookmark@seq@number=\count123

(/usr/local/texlive/2009basic/texmf-dist/tex/generic/oberdiek/rerunfilecheck.st
y
Package: rerunfilecheck 2009/12/18 v1.2 Rerun checks for auxiliary files (HO)
 (/usr/local/texlive/2009basic/texmf-dist/tex/generic/oberdiek/atveryend.sty
Package: atveryend 2009/12/11 v1.3 Hooks at very end of document (HO)
Package atveryend Info: \enddocument detected (standard).
)
(/usr/local/texlive/2009basic/texmf-dist/tex/generic/oberdiek/uniquecounter.sty
Package: uniquecounter 2009/12/18 v1.1 Provides unlimited unique counter (HO)
)
Package uniquecounter Info: New unique counter `rerunfilecheck' on input line 3
26.
)) (/usr/local/texlive/2009basic/texmf-dist/tex/latex/base/size11.clo
File: size11.clo 2007/10/19 v1.4h Standard LaTeX file (size option)
)
(/usr/local/texlive/2009basic/texmf-dist/tex/latex/beamer/beamerbasecompatibili
ty.sty
Package: beamerbasecompatibility 2007/01/28  (rcs-revision 1.63)
)
(/usr/local/texlive/2009basic/texmf-dist/tex/latex/beamer/beamerbasefont.sty
Package: beamerbasefont 2007/01/28  (rcs-revision 1.16)
)
(/usr/local/texlive/2009basic/texmf-dist/tex/latex/beamer/beamerbasemisc.sty
Package: beamerbasemisc 2007/01/28  (rcs-revision 1.24)
)
(/usr/local/texlive/2009basic/texmf-dist/tex/latex/beamer/beamerbasetwoscreens.
sty
Package: beamerbasetwoscreens 2009/06/14  (rcs-revision 1.71)
)
(/usr/local/texlive/2009basic/texmf-dist/tex/latex/beamer/beamerbaseoverlay.sty
Package: beamerbaseoverlay 2007/01/28  (rcs-revision 1.50)
\beamer@argscount=\count124
\beamer@lastskipcover=\skip42
\beamer@trivlistdepth=\count125
) (/usr/local/texlive/2009basic/texmf-dist/tex/latex/beamer/beamerbasetitle.sty
Package: beamerbasetitle 2007/01/28  (rcs-revision 1.25)
)
(/usr/local/texlive/2009basic/texmf-dist/tex/latex/beamer/beamerbasesection.sty
Package: beamerbasesection 2007/01/28  (rcs-revision 1.21)
\c@lecture=\count126
\c@part=\count127
\c@section=\count128
\c@subsection=\count129
\c@subsubsection=\count130
) (/usr/local/texlive/2009basic/texmf-dist/tex/latex/beamer/beamerbaseframe.sty
Package: beamerbaseframe 2007/01/28  (rcs-revision 1.60)
\beamer@framebox=\box39
\beamer@frametitlebox=\box40
\beamer@zoombox=\box41
\beamer@zoomcount=\count131
\beamer@zoomframecount=\count132
\beamer@frametextheight=\dimen160
\c@subsectionslide=\count133
\beamer@frametopskip=\skip43
\beamer@framebottomskip=\skip44
\beamer@frametopskipautobreak=\skip45
\beamer@framebottomskipautobreak=\skip46
\beamer@envbody=\toks22
\c@framenumber=\count134
)
(/usr/local/texlive/2009basic/texmf-dist/tex/latex/beamer/beamerbaseverbatim.st
y
Package: beamerbaseverbatim 2007/01/28  (rcs-revision 1.8)
\beamer@verbatimfileout=\write3
)
(/usr/local/texlive/2009basic/texmf-dist/tex/latex/beamer/beamerbaseframesize.s
ty
Package: beamerbaseframesize 2007/01/28  (rcs-revision 1.18)
\beamer@splitbox=\box42
\beamer@autobreakcount=\count135
\beamer@autobreaklastheight=\dimen161
\beamer@frametitletoks=\toks23
\beamer@framesubtitletoks=\toks24
)
(/usr/local/texlive/2009basic/texmf-dist/tex/latex/beamer/beamerbaseframecompon
ents.sty
Package: beamerbaseframecomponents 2007/01/28  (rcs-revision 1.41)
\beamer@footins=\box43
)
(/usr/local/texlive/2009basic/texmf-dist/tex/latex/beamer/beamerbasecolor.sty
Package: beamerbasecolor 2007/01/28  (rcs-revision 1.42)
)
(/usr/local/texlive/2009basic/texmf-dist/tex/latex/beamer/beamerbasenotes.sty
Package: beamerbasenotes 2007/01/28  (rcs-revision 1.23)
\beamer@frameboxcopy=\box44
)
(/usr/local/texlive/2009basic/texmf-dist/tex/latex/beamer/beamerbasetoc.sty
Package: beamerbasetoc 2007/01/28  (rcs-revision 1.21)
)
(/usr/local/texlive/2009basic/texmf-dist/tex/latex/beamer/beamerbasetemplates.s
ty
Package: beamerbasetemplates 2007/01/28  (rcs-revision 1.51)
\beamer@sbttoks=\toks25

(/usr/local/texlive/2009basic/texmf-dist/tex/latex/beamer/beamerbaseauxtemplate
s.sty
Package: beamerbaseauxtemplates 2007/01/28  (rcs-revision 1.28)

(/usr/local/texlive/2009basic/texmf-dist/tex/latex/beamer/beamerbaseboxes.sty
Package: beamerbaseboxes 2007/03/11  (rcs-revision 1.32)
\bmb@box=\box45
\bmb@colorbox=\box46
\bmb@boxshadow=\box47
\bmb@boxshadowball=\box48
\bmb@boxshadowballlarge=\box49
\bmb@temp=\dimen162
\bmb@dima=\dimen163
\bmb@dimb=\dimen164
\bmb@prevheight=\dimen165
)
\beamer@blockheadheight=\dimen166
))
(/usr/local/texlive/2009basic/texmf-dist/tex/latex/beamer/beamerbaselocalstruct
ure.sty
Package: beamerbaselocalstructure 2007/01/28  (rcs-revision 1.53)
 (/usr/local/texlive/2009basic/texmf-dist/tex/latex/tools/enumerate.sty
Package: enumerate 1999/03/05 v3.00 enumerate extensions (DPC)
\@enLab=\toks26
)
\c@figure=\count136
\c@table=\count137
\abovecaptionskip=\skip47
\belowcaptionskip=\skip48
)
(/usr/local/texlive/2009basic/texmf-dist/tex/latex/beamer/beamerbasenavigation.
sty
Package: beamerbasenavigation 2007/01/28  (rcs-revision 1.36)
)
(/usr/local/texlive/2009basic/texmf-dist/tex/latex/beamer/beamerbasetheorems.st
y
Package: beamerbasetheorems 2007/01/28  (rcs-revision 1.10)
 (/usr/local/texlive/2009basic/texmf-dist/tex/latex/amsmath/amsmath.sty
Package: amsmath 2000/07/18 v2.13 AMS math features
\@mathmargin=\skip49

For additional information on amsmath, use the `?' option.
(/usr/local/texlive/2009basic/texmf-dist/tex/latex/amsmath/amstext.sty
Package: amstext 2000/06/29 v2.01

(/usr/local/texlive/2009basic/texmf-dist/tex/latex/amsmath/amsgen.sty
File: amsgen.sty 1999/11/30 v2.0
\@emptytoks=\toks27
\ex@=\dimen167
))
(/usr/local/texlive/2009basic/texmf-dist/tex/latex/amsmath/amsbsy.sty
Package: amsbsy 1999/11/29 v1.2d
\pmbraise@=\dimen168
)
(/usr/local/texlive/2009basic/texmf-dist/tex/latex/amsmath/amsopn.sty
Package: amsopn 1999/12/14 v2.01 operator names
)
\inf@bad=\count138
LaTeX Info: Redefining \frac on input line 211.
\uproot@=\count139
\leftroot@=\count140
LaTeX Info: Redefining \overline on input line 307.
\classnum@=\count141
\DOTSCASE@=\count142
LaTeX Info: Redefining \ldots on input line 379.
LaTeX Info: Redefining \dots on input line 382.
LaTeX Info: Redefining \cdots on input line 467.
\Mathstrutbox@=\box50
\strutbox@=\box51
\big@size=\dimen169
LaTeX Font Info:    Redeclaring font encoding OML on input line 567.
LaTeX Font Info:    Redeclaring font encoding OMS on input line 568.
\macc@depth=\count143
\c@MaxMatrixCols=\count144
\dotsspace@=\muskip11
\c@parentequation=\count145
\dspbrk@lvl=\count146
\tag@help=\toks28
\row@=\count147
\column@=\count148
\maxfields@=\count149
\andhelp@=\toks29
\eqnshift@=\dimen170
\alignsep@=\dimen171
\tagshift@=\dimen172
\tagwidth@=\dimen173
\totwidth@=\dimen174
\lineht@=\dimen175
\@envbody=\toks30
\multlinegap=\skip50
\multlinetaggap=\skip51
\mathdisplay@stack=\toks31
LaTeX Info: Redefining \[ on input line 2666.
LaTeX Info: Redefining \] on input line 2667.
)
(/usr/local/texlive/2009basic/texmf-dist/tex/latex/amscls/amsthm.sty
Package: amsthm 2004/08/06 v2.20
\thm@style=\toks32
\thm@bodyfont=\toks33
\thm@headfont=\toks34
\thm@notefont=\toks35
\thm@headpunct=\toks36
\thm@preskip=\skip52
\thm@postskip=\skip53
\thm@headsep=\skip54
\dth@everypar=\toks37
)
\c@theorem=\count150
)
(/usr/local/texlive/2009basic/texmf-dist/tex/latex/beamer/beamerbasethemes.sty
Package: beamerbasethemes 2007/01/28  (rcs-revision 1.10)
)
(/usr/local/texlive/2009basic/texmf-dist/tex/latex/beamer/themes/theme/beamerth
emedefault.sty
Package: beamerthemedefault 2007/01/28  (rcs-revision 1.7)

(/usr/local/texlive/2009basic/texmf-dist/tex/latex/beamer/themes/font/beamerfon
tthemedefault.sty
Package: beamerfontthemedefault 2007/01/28  (rcs-revision 1.13)
)
(/usr/local/texlive/2009basic/texmf-dist/tex/latex/beamer/themes/color/beamerco
lorthemedefault.sty
Package: beamercolorthemedefault 2007/01/28  (rcs-revision 1.28)
)
(/usr/local/texlive/2009basic/texmf-dist/tex/latex/beamer/themes/inner/beamerin
nerthemedefault.sty
Package: beamerinnerthemedefault 2007/01/28  (rcs-revision 1.20)
\beamer@dima=\dimen176
\beamer@dimb=\dimen177
)
(/usr/local/texlive/2009basic/texmf-dist/tex/latex/beamer/themes/outer/beamerou
terthemedefault.sty
Package: beamerouterthemedefault 2007/01/28  (rcs-revision 1.14)
)))
(/usr/local/texlive/2009basic/texmf-dist/tex/latex/oberdiek/grffile.sty
Package: grffile 2009/09/25 v1.10 Extended file name support for graphics (HO)
Package grffile Info: Option `multidot' is set to `true'.
Package grffile Info: Option `extendedchars' is set to `false'.
Package grffile Info: Option `space' is set to `true'.
)
(/usr/local/texlive/2009basic/texmf-dist/tex/latex/ms/ragged2e.sty
Package: ragged2e 2009/05/21 v2.1 ragged2e Package (MS)

(/usr/local/texlive/2009basic/texmf-dist/tex/latex/ms/everysel.sty
Package: everysel 2009/05/30 v1.1 EverySelectfont Package (MS)
)
\CenteringLeftskip=\skip55
\RaggedLeftLeftskip=\skip56
\RaggedRightLeftskip=\skip57
\CenteringRightskip=\skip58
\RaggedLeftRightskip=\skip59
\RaggedRightRightskip=\skip60
\CenteringParfillskip=\skip61
\RaggedLeftParfillskip=\skip62
\RaggedRightParfillskip=\skip63
\JustifyingParfillskip=\skip64
\CenteringParindent=\skip65
\RaggedLeftParindent=\skip66
\RaggedRightParindent=\skip67
\JustifyingParindent=\skip68
)
(./beamerthemeI6pd2.sty
Package: beamerthemeI6pd2 
 (./tangocolors.sty))
(/usr/local/texlive/2009basic/texmf-dist/tex/generic/babel/babel.sty
Package: babel 2008/07/06 v3.8l The Babel package

(/usr/local/texlive/2009basic/texmf-dist/tex/generic/babel/english.ldf
Language: english 2005/03/30 v3.3o English support from the babel system

(/usr/local/texlive/2009basic/texmf-dist/tex/generic/babel/babel.def
File: babel.def 2008/07/06 v3.8l Babel common definitions
LaTeX Info: Redefining \textlatin on input line 82.
\babel@savecnt=\count151
\U@D=\dimen178
)
\l@canadian = a dialect from \language\l@american 
\l@australian = a dialect from \language\l@british 
\l@newzealand = a dialect from \language\l@british 
))
(/usr/local/texlive/2009basic/texmf-dist/tex/latex/base/inputenc.sty
Package: inputenc 2008/03/30 v1.1d Input encoding file
\inpenc@prehook=\toks38
\inpenc@posthook=\toks39

(/usr/local/texlive/2009basic/texmf-dist/tex/latex/base/latin1.def
File: latin1.def 2008/03/30 v1.1d Input encoding file
))
(/usr/local/texlive/2009basic/texmf-dist/tex/latex/base/latexsym.sty
Package: latexsym 1998/08/17 v2.2e Standard LaTeX package (lasy symbols)
\symlasy=\mathgroup6
LaTeX Font Info:    Overwriting symbol font `lasy' in version `bold'
(Font)                  U/lasy/m/n --> U/lasy/b/n on input line 47.
)
(/usr/local/texlive/2009basic/texmf-dist/tex/latex/setspace/setspace.sty
Package: setspace 2000/12/01 6.7 Contributed and Supported LaTeX2e package

Package: `setspace' 6.7 <2000/12/01>
) (./beamerposter.sty
Package: beamerposter 2009/09/02 v.1.10 latex-beamer poster extension

(/usr/local/texlive/2009basic/texmf-dist/tex/latex/xkeyval/xkeyval.sty
Package: xkeyval 2008/08/13 v2.6a package option processing (HA)

(/usr/local/texlive/2009basic/texmf-dist/tex/generic/xkeyval/xkeyval.tex
\XKV@toks=\toks40
\XKV@tempa@toks=\toks41
\XKV@depth=\count152
File: xkeyval.tex 2008/08/13 v2.6a key=value parser (HA)
))
(./type1cm.sty
Package: type1cm 1997/02/17 v0.03 BlueSky/Y&Y Type1 CM font definitions (DPC)
) (/usr/local/texlive/2009basic/texmf-dist/tex/latex/fp/fp.sty
Package: fp 1995/04/02

`Fixed Point Package', Version 0.8, April 2, 1995 (C) Michael Mehlich
(/usr/local/texlive/2009basic/texmf-dist/tex/latex/fp/defpattern.sty
Package: defpattern 1994/10/12
\actioncount=\count153
)
(/usr/local/texlive/2009basic/texmf-dist/tex/latex/fp/fp-basic.sty
Package: fp-basic 1996/05/13
\FP@xs=\count154
\FP@xia=\count155
\FP@xib=\count156
\FP@xfa=\count157
\FP@xfb=\count158
\FP@rega=\count159
\FP@regb=\count160
\FP@regs=\count161
\FP@times=\count162
)
(/usr/local/texlive/2009basic/texmf-dist/tex/latex/fp/fp-addons.sty
Package: fp-addons 1995/03/15
)
(/usr/local/texlive/2009basic/texmf-dist/tex/latex/fp/fp-snap.sty
Package: fp-snap 1995/04/05
)
(/usr/local/texlive/2009basic/texmf-dist/tex/latex/fp/fp-exp.sty
Package: fp-exp 1995/04/03
)
(/usr/local/texlive/2009basic/texmf-dist/tex/latex/fp/fp-trigo.sty
Package: fp-trigo 1995/04/14
)
(/usr/local/texlive/2009basic/texmf-dist/tex/latex/fp/fp-pas.sty
Package: fp-pas 1994/08/29
)
(/usr/local/texlive/2009basic/texmf-dist/tex/latex/fp/fp-random.sty
Package: fp-random 1995/02/23
\FPseed=\count163
)
(/usr/local/texlive/2009basic/texmf-dist/tex/latex/fp/fp-eqn.sty
Package: fp-eqn 1995/04/03
)
(/usr/local/texlive/2009basic/texmf-dist/tex/latex/fp/fp-upn.sty
Package: fp-upn 1996/10/21
)
(/usr/local/texlive/2009basic/texmf-dist/tex/latex/fp/fp-eval.sty
Package: fp-eval 1995/04/03
))
(./paralist.sty
Package: paralist 2002/03/18 v2.3b Extended list environments (BS)
\pltopsep=\skip69
\plpartopsep=\skip70
\plitemsep=\skip71
\plparsep=\skip72
\pl@lab=\toks42
)
Package beamerposter Info: checking size input, please wait. on input line 127.

Package beamerposter Info: the input a0\ 1\ was correct, we proceed. on input l
ine 127.
Package beamerposter Info: finished size input check. on input line 127.
Package beamerposter Info: myfontscale=1.0 on input line 127.
Package beamerposter Info: checking orientation input, please wait. on input li
ne 128.
Package beamerposter Info: the input portrait\ 0\ was correct, we proceed. on i
nput line 128.
Package beamerposter Info: finished orientation check. on input line 128.
Package beamerposter Info: checking size input, please wait. on input line 128.

Package beamerposter Info: the input a0\ 1\ was correct, we proceed. on input l
ine 128.
Package beamerposter Info: finished size input check. on input line 128.
Package beamerposter Info: myfontscale=0.95 on input line 128.
Package beamerposter Info: enabled debug mode on input line 128.
 ( FP-UPN
FP debug: upn: +++ computing upn-expression "myfontscale fontscale * 2 round"
FP debug: upn: calculating "myfontscale"
FP debug: upn: result      "0.95"
FP debug: upn: calculating "fontscale"
FP debug: upn: result      "1.0"
FP debug: upn: calculating "1.0 mul 0.95"
( FP-MUL )
FP debug: upn: result      "0.950000000000000000"
FP debug: upn: calculating "2"
FP debug: upn: result      "2"
FP debug: upn: calculating "round(0.950000000000000000:2)"
( FP-ROUND )
FP debug: upn: result      "0.95"
FP debug: upn: +++ result of upn-expression is "(0.95)"
)
\tmp=\dimen179
Package beamerposter Info: paperwidth=2388.89357pt, paperheight=3380.75665pt on
 input line 171.
Package beamerposter Info: textwidth=2360.44081pt, textwidth=3352.3039pt on inp
ut line 172.
Package beamerposter Info: fontscale=1.0, myfontscale=0.95 on input line 173.
 ( FP-UPN
FP debug: upn: +++ computing upn-expression "myfontscale fontSizeX * 2 round"
FP debug: upn: calculating "myfontscale"
FP debug: upn: result      "0.95"
FP debug: upn: calculating "fontSizeX"
FP debug: upn: result      "12"
FP debug: upn: calculating "12 mul 0.95"
( FP-MUL )
FP debug: upn: result      "11.400000000000000000"
FP debug: upn: calculating "2"
FP debug: upn: result      "2"
FP debug: upn: calculating "round(11.400000000000000000:2)"
( FP-ROUND )
FP debug: upn: result      "11.40"
FP debug: upn: +++ result of upn-expression is "(11.40)"
) ( FP-UPN
FP debug: upn: +++ computing upn-expression "myfontscale fontSizeY * 2 round"
FP debug: upn: calculating "myfontscale"
FP debug: upn: result      "0.95"
FP debug: upn: calculating "fontSizeY"
FP debug: upn: result      "14"
FP debug: upn: calculating "14 mul 0.95"
( FP-MUL )
FP debug: upn: result      "13.300000000000000000"
FP debug: upn: calculating "2"
FP debug: upn: result      "2"
FP debug: upn: calculating "round(13.300000000000000000:2)"
( FP-ROUND )
FP debug: upn: result      "13.30"
FP debug: upn: +++ result of upn-expression is "(13.30)"
) ( FP-UPN
FP debug: upn: +++ computing upn-expression "myfontscale fontSizeX * 2 round"
FP debug: upn: calculating "myfontscale"
FP debug: upn: result      "0.95"
FP debug: upn: calculating "fontSizeX"
FP debug: upn: result      "14.4"
FP debug: upn: calculating "14.4 mul 0.95"
( FP-MUL )
FP debug: upn: result      "13.680000000000000000"
FP debug: upn: calculating "2"
FP debug: upn: result      "2"
FP debug: upn: calculating "round(13.680000000000000000:2)"
( FP-ROUND )
FP debug: upn: result      "13.68"
FP debug: upn: +++ result of upn-expression is "(13.68)"
) ( FP-UPN
FP debug: upn: +++ computing upn-expression "myfontscale fontSizeY * 2 round"
FP debug: upn: calculating "myfontscale"
FP debug: upn: result      "0.95"
FP debug: upn: calculating "fontSizeY"
FP debug: upn: result      "18"
FP debug: upn: calculating "18 mul 0.95"
( FP-MUL )
FP debug: upn: result      "17.100000000000000000"
FP debug: upn: calculating "2"
FP debug: upn: result      "2"
FP debug: upn: calculating "round(17.100000000000000000:2)"
( FP-ROUND )
FP debug: upn: result      "17.10"
FP debug: upn: +++ result of upn-expression is "(17.10)"
) ( FP-UPN
FP debug: upn: +++ computing upn-expression "myfontscale fontSizeX * 2 round"
FP debug: upn: calculating "myfontscale"
FP debug: upn: result      "0.95"
FP debug: upn: calculating "fontSizeX"
FP debug: upn: result      "17.28"
FP debug: upn: calculating "17.28 mul 0.95"
( FP-MUL )
FP debug: upn: result      "16.416000000000000000"
FP debug: upn: calculating "2"
FP debug: upn: result      "2"
FP debug: upn: calculating "round(16.416000000000000000:2)"
( FP-ROUND )
FP debug: upn: result      "16.42"
FP debug: upn: +++ result of upn-expression is "(16.42)"
) ( FP-UPN
FP debug: upn: +++ computing upn-expression "myfontscale fontSizeY * 2 round"
FP debug: upn: calculating "myfontscale"
FP debug: upn: result      "0.95"
FP debug: upn: calculating "fontSizeY"
FP debug: upn: result      "22"
FP debug: upn: calculating "22 mul 0.95"
( FP-MUL )
FP debug: upn: result      "20.900000000000000000"
FP debug: upn: calculating "2"
FP debug: upn: result      "2"
FP debug: upn: calculating "round(20.900000000000000000:2)"
( FP-ROUND )
FP debug: upn: result      "20.90"
FP debug: upn: +++ result of upn-expression is "(20.90)"
) ( FP-UPN
FP debug: upn: +++ computing upn-expression "myfontscale fontSizeX * 2 round"
FP debug: upn: calculating "myfontscale"
FP debug: upn: result      "0.95"
FP debug: upn: calculating "fontSizeX"
FP debug: upn: result      "20.74"
FP debug: upn: calculating "20.74 mul 0.95"
( FP-MUL )
FP debug: upn: result      "19.703000000000000000"
FP debug: upn: calculating "2"
FP debug: upn: result      "2"
FP debug: upn: calculating "round(19.703000000000000000:2)"
( FP-ROUND )
FP debug: upn: result      "19.70"
FP debug: upn: +++ result of upn-expression is "(19.70)"
) ( FP-UPN
FP debug: upn: +++ computing upn-expression "myfontscale fontSizeY * 2 round"
FP debug: upn: calculating "myfontscale"
FP debug: upn: result      "0.95"
FP debug: upn: calculating "fontSizeY"
FP debug: upn: result      "25"
FP debug: upn: calculating "25 mul 0.95"
( FP-MUL )
FP debug: upn: result      "23.750000000000000000"
FP debug: upn: calculating "2"
FP debug: upn: result      "2"
FP debug: upn: calculating "round(23.750000000000000000:2)"
( FP-ROUND )
FP debug: upn: result      "23.75"
FP debug: upn: +++ result of upn-expression is "(23.75)"
) ( FP-UPN
FP debug: upn: +++ computing upn-expression "myfontscale fontSizeX * 2 round"
FP debug: upn: calculating "myfontscale"
FP debug: upn: result      "0.95"
FP debug: upn: calculating "fontSizeX"
FP debug: upn: result      "24.88"
FP debug: upn: calculating "24.88 mul 0.95"
( FP-MUL )
FP debug: upn: result      "23.636000000000000000"
FP debug: upn: calculating "2"
FP debug: upn: result      "2"
FP debug: upn: calculating "round(23.636000000000000000:2)"
( FP-ROUND )
FP debug: upn: result      "23.64"
FP debug: upn: +++ result of upn-expression is "(23.64)"
) ( FP-UPN
FP debug: upn: +++ computing upn-expression "myfontscale fontSizeY * 2 round"
FP debug: upn: calculating "myfontscale"
FP debug: upn: result      "0.95"
FP debug: upn: calculating "fontSizeY"
FP debug: upn: result      "30"
FP debug: upn: calculating "30 mul 0.95"
( FP-MUL )
FP debug: upn: result      "28.500000000000000000"
FP debug: upn: calculating "2"
FP debug: upn: result      "2"
FP debug: upn: calculating "round(28.500000000000000000:2)"
( FP-ROUND )
FP debug: upn: result      "28.50"
FP debug: upn: +++ result of upn-expression is "(28.50)"
) ( FP-UPN
FP debug: upn: +++ computing upn-expression "myfontscale fontSizeX * 2 round"
FP debug: upn: calculating "myfontscale"
FP debug: upn: result      "0.95"
FP debug: upn: calculating "fontSizeX"
FP debug: upn: result      "29.86"
FP debug: upn: calculating "29.86 mul 0.95"
( FP-MUL )
FP debug: upn: result      "28.367000000000000000"
FP debug: upn: calculating "2"
FP debug: upn: result      "2"
FP debug: upn: calculating "round(28.367000000000000000:2)"
( FP-ROUND )
FP debug: upn: result      "28.37"
FP debug: upn: +++ result of upn-expression is "(28.37)"
) ( FP-UPN
FP debug: upn: +++ computing upn-expression "myfontscale fontSizeY * 2 round"
FP debug: upn: calculating "myfontscale"
FP debug: upn: result      "0.95"
FP debug: upn: calculating "fontSizeY"
FP debug: upn: result      "37"
FP debug: upn: calculating "37 mul 0.95"
( FP-MUL )
FP debug: upn: result      "35.150000000000000000"
FP debug: upn: calculating "2"
FP debug: upn: result      "2"
FP debug: upn: calculating "round(35.150000000000000000:2)"
( FP-ROUND )
FP debug: upn: result      "35.15"
FP debug: upn: +++ result of upn-expression is "(35.15)"
) ( FP-UPN
FP debug: upn: +++ computing upn-expression "myfontscale fontSizeX * 2 round"
FP debug: upn: calculating "myfontscale"
FP debug: upn: result      "0.95"
FP debug: upn: calculating "fontSizeX"
FP debug: upn: result      "35.83"
FP debug: upn: calculating "35.83 mul 0.95"
( FP-MUL )
FP debug: upn: result      "34.038500000000000000"
FP debug: upn: calculating "2"
FP debug: upn: result      "2"
FP debug: upn: calculating "round(34.038500000000000000:2)"
( FP-ROUND )
FP debug: upn: result      "34.04"
FP debug: upn: +++ result of upn-expression is "(34.04)"
) ( FP-UPN
FP debug: upn: +++ computing upn-expression "myfontscale fontSizeY * 2 round"
FP debug: upn: calculating "myfontscale"
FP debug: upn: result      "0.95"
FP debug: upn: calculating "fontSizeY"
FP debug: upn: result      "45"
FP debug: upn: calculating "45 mul 0.95"
( FP-MUL )
FP debug: upn: result      "42.750000000000000000"
FP debug: upn: calculating "2"
FP debug: upn: result      "2"
FP debug: upn: calculating "round(42.750000000000000000:2)"
( FP-ROUND )
FP debug: upn: result      "42.75"
FP debug: upn: +++ result of upn-expression is "(42.75)"
) ( FP-UPN
FP debug: upn: +++ computing upn-expression "myfontscale fontSizeX * 2 round"
FP debug: upn: calculating "myfontscale"
FP debug: upn: result      "0.95"
FP debug: upn: calculating "fontSizeX"
FP debug: upn: result      "43"
FP debug: upn: calculating "43 mul 0.95"
( FP-MUL )
FP debug: upn: result      "40.850000000000000000"
FP debug: upn: calculating "2"
FP debug: upn: result      "2"
FP debug: upn: calculating "round(40.850000000000000000:2)"
( FP-ROUND )
FP debug: upn: result      "40.85"
FP debug: upn: +++ result of upn-expression is "(40.85)"
) ( FP-UPN
FP debug: upn: +++ computing upn-expression "myfontscale fontSizeY * 2 round"
FP debug: upn: calculating "myfontscale"
FP debug: upn: result      "0.95"
FP debug: upn: calculating "fontSizeY"
FP debug: upn: result      "54"
FP debug: upn: calculating "54 mul 0.95"
( FP-MUL )
FP debug: upn: result      "51.300000000000000000"
FP debug: upn: calculating "2"
FP debug: upn: result      "2"
FP debug: upn: calculating "round(51.300000000000000000:2)"
( FP-ROUND )
FP debug: upn: result      "51.30"
FP debug: upn: +++ result of upn-expression is "(51.30)"
) ( FP-UPN
FP debug: upn: +++ computing upn-expression "myfontscale fontSizeX * 2 round"
FP debug: upn: calculating "myfontscale"
FP debug: upn: result      "0.95"
FP debug: upn: calculating "fontSizeX"
FP debug: upn: result      "51.6"
FP debug: upn: calculating "51.6 mul 0.95"
( FP-MUL )
FP debug: upn: result      "49.020000000000000000"
FP debug: upn: calculating "2"
FP debug: upn: result      "2"
FP debug: upn: calculating "round(49.020000000000000000:2)"
( FP-ROUND )
FP debug: upn: result      "49.02"
FP debug: upn: +++ result of upn-expression is "(49.02)"
) ( FP-UPN
FP debug: upn: +++ computing upn-expression "myfontscale fontSizeY * 2 round"
FP debug: upn: calculating "myfontscale"
FP debug: upn: result      "0.95"
FP debug: upn: calculating "fontSizeY"
FP debug: upn: result      "64"
FP debug: upn: calculating "64 mul 0.95"
( FP-MUL )
FP debug: upn: result      "60.800000000000000000"
FP debug: upn: calculating "2"
FP debug: upn: result      "2"
FP debug: upn: calculating "round(60.800000000000000000:2)"
( FP-ROUND )
FP debug: upn: result      "60.80"
FP debug: upn: +++ result of upn-expression is "(60.80)"
) ( FP-UPN
FP debug: upn: +++ computing upn-expression "myfontscale fontSizeX * 2 round"
FP debug: upn: calculating "myfontscale"
FP debug: upn: result      "0.95"
FP debug: upn: calculating "fontSizeX"
FP debug: upn: result      "61.92"
FP debug: upn: calculating "61.92 mul 0.95"
( FP-MUL )
FP debug: upn: result      "58.824000000000000000"
FP debug: upn: calculating "2"
FP debug: upn: result      "2"
FP debug: upn: calculating "round(58.824000000000000000:2)"
( FP-ROUND )
FP debug: upn: result      "58.82"
FP debug: upn: +++ result of upn-expression is "(58.82)"
) ( FP-UPN
FP debug: upn: +++ computing upn-expression "myfontscale fontSizeY * 2 round"
FP debug: upn: calculating "myfontscale"
FP debug: upn: result      "0.95"
FP debug: upn: calculating "fontSizeY"
FP debug: upn: result      "77"
FP debug: upn: calculating "77 mul 0.95"
( FP-MUL )
FP debug: upn: result      "73.150000000000000000"
FP debug: upn: calculating "2"
FP debug: upn: result      "2"
FP debug: upn: calculating "round(73.150000000000000000:2)"
( FP-ROUND )
FP debug: upn: result      "73.15"
FP debug: upn: +++ result of upn-expression is "(73.15)"
) ( FP-UPN
FP debug: upn: +++ computing upn-expression "myfontscale fontSizeX * 2 round"
FP debug: upn: calculating "myfontscale"
FP debug: upn: result      "0.95"
FP debug: upn: calculating "fontSizeX"
FP debug: upn: result      "74.3"
FP debug: upn: calculating "74.3 mul 0.95"
( FP-MUL )
FP debug: upn: result      "70.585000000000000000"
FP debug: upn: calculating "2"
FP debug: upn: result      "2"
FP debug: upn: calculating "round(70.585000000000000000:2)"
( FP-ROUND )
FP debug: upn: result      "70.59"
FP debug: upn: +++ result of upn-expression is "(70.59)"
) ( FP-UPN
FP debug: upn: +++ computing upn-expression "myfontscale fontSizeY * 2 round"
FP debug: upn: calculating "myfontscale"
FP debug: upn: result      "0.95"
FP debug: upn: calculating "fontSizeY"
FP debug: upn: result      "93"
FP debug: upn: calculating "93 mul 0.95"
( FP-MUL )
FP debug: upn: result      "88.350000000000000000"
FP debug: upn: calculating "2"
FP debug: upn: result      "2"
FP debug: upn: calculating "round(88.350000000000000000:2)"
( FP-ROUND )
FP debug: upn: result      "88.35"
FP debug: upn: +++ result of upn-expression is "(88.35)"
) ( FP-UPN
FP debug: upn: +++ computing upn-expression "myfontscale fontSizeX * 2 round"
FP debug: upn: calculating "myfontscale"
FP debug: upn: result      "0.95"
FP debug: upn: calculating "fontSizeX"
FP debug: upn: result      "89.16"
FP debug: upn: calculating "89.16 mul 0.95"
( FP-MUL )
FP debug: upn: result      "84.702000000000000000"
FP debug: upn: calculating "2"
FP debug: upn: result      "2"
FP debug: upn: calculating "round(84.702000000000000000:2)"
( FP-ROUND )
FP debug: upn: result      "84.70"
FP debug: upn: +++ result of upn-expression is "(84.70)"
) ( FP-UPN
FP debug: upn: +++ computing upn-expression "myfontscale fontSizeY * 2 round"
FP debug: upn: calculating "myfontscale"
FP debug: upn: result      "0.95"
FP debug: upn: calculating "fontSizeY"
FP debug: upn: result      "112"
FP debug: upn: calculating "112 mul 0.95"
( FP-MUL )
FP debug: upn: result      "106.400000000000000000"
FP debug: upn: calculating "2"
FP debug: upn: result      "2"
FP debug: upn: calculating "round(106.400000000000000000:2)"
( FP-ROUND )
FP debug: upn: result      "106.40"
FP debug: upn: +++ result of upn-expression is "(106.40)"
) ( FP-UPN
FP debug: upn: +++ computing upn-expression "myfontscale fontSizeX * 2 round"
FP debug: upn: calculating "myfontscale"
FP debug: upn: result      "0.95"
FP debug: upn: calculating "fontSizeX"
FP debug: upn: result      "107"
FP debug: upn: calculating "107 mul 0.95"
( FP-MUL )
FP debug: upn: result      "101.650000000000000000"
FP debug: upn: calculating "2"
FP debug: upn: result      "2"
FP debug: upn: calculating "round(101.650000000000000000:2)"
( FP-ROUND )
FP debug: upn: result      "101.65"
FP debug: upn: +++ result of upn-expression is "(101.65)"
) ( FP-UPN
FP debug: upn: +++ computing upn-expression "myfontscale fontSizeY * 2 round"
FP debug: upn: calculating "myfontscale"
FP debug: upn: result      "0.95"
FP debug: upn: calculating "fontSizeY"
FP debug: upn: result      "134"
FP debug: upn: calculating "134 mul 0.95"
( FP-MUL )
FP debug: upn: result      "127.300000000000000000"
FP debug: upn: calculating "2"
FP debug: upn: result      "2"
FP debug: upn: calculating "round(127.300000000000000000:2)"
( FP-ROUND )
FP debug: upn: result      "127.30"
FP debug: upn: +++ result of upn-expression is "(127.30)"
) ( FP-UPN
FP debug: upn: +++ computing upn-expression "indentionLevelValuei fontscale * 2
 round"
FP debug: upn: calculating "indentionLevelValuei"
FP debug: upn: result      "4"
FP debug: upn: calculating "fontscale"
FP debug: upn: result      "1.0"
FP debug: upn: calculating "1.0 mul 4"
( FP-MUL )
FP debug: upn: result      "4.000000000000000000"
FP debug: upn: calculating "2"
FP debug: upn: result      "2"
FP debug: upn: calculating "round(4.000000000000000000:2)"
( FP-ROUND )
FP debug: upn: result      "4.00"
FP debug: upn: +++ result of upn-expression is "(4.00)"
) ( FP-UPN
FP debug: upn: +++ computing upn-expression "indentionLevelValueii fontscale * 
2 round"
FP debug: upn: calculating "indentionLevelValueii"
FP debug: upn: result      "2.2"
FP debug: upn: calculating "fontscale"
FP debug: upn: result      "1.0"
FP debug: upn: calculating "1.0 mul 2.2"
( FP-MUL )
FP debug: upn: result      "2.200000000000000000"
FP debug: upn: calculating "2"
FP debug: upn: result      "2"
FP debug: upn: calculating "round(2.200000000000000000:2)"
( FP-ROUND )
FP debug: upn: result      "2.20"
FP debug: upn: +++ result of upn-expression is "(2.20)"
) ( FP-UPN
FP debug: upn: +++ computing upn-expression "indentionLevelValueiii fontscale *
 2 round"
FP debug: upn: calculating "indentionLevelValueiii"
FP debug: upn: result      "1.87"
FP debug: upn: calculating "fontscale"
FP debug: upn: result      "1.0"
FP debug: upn: calculating "1.0 mul 1.87"
( FP-MUL )
FP debug: upn: result      "1.870000000000000000"
FP debug: upn: calculating "2"
FP debug: upn: result      "2"
FP debug: upn: calculating "round(1.870000000000000000:2)"
( FP-ROUND )
FP debug: upn: result      "1.87"
FP debug: upn: +++ result of upn-expression is "(1.87)"
) ( FP-UPN
FP debug: upn: +++ computing upn-expression "indentionLevelValueiiii fontscale 
* 2 round"
FP debug: upn: calculating "indentionLevelValueiiii"
FP debug: upn: result      "1.7"
FP debug: upn: calculating "fontscale"
FP debug: upn: result      "1.0"
FP debug: upn: calculating "1.0 mul 1.7"
( FP-MUL )
FP debug: upn: result      "1.700000000000000000"
FP debug: upn: calculating "2"
FP debug: upn: result      "2"
FP debug: upn: calculating "round(1.700000000000000000:2)"
( FP-ROUND )
FP debug: upn: result      "1.70"
FP debug: upn: +++ result of upn-expression is "(1.70)"
) ( FP-UPN
FP debug: upn: +++ computing upn-expression "indentionLevelValueiiiii fontscale
 * 2 round"
FP debug: upn: calculating "indentionLevelValueiiiii"
FP debug: upn: result      "1"
FP debug: upn: calculating "fontscale"
FP debug: upn: result      "1.0"
FP debug: upn: calculating "1.0 mul 1"
( FP-MUL )
FP debug: upn: result      "1.000000000000000000"
FP debug: upn: calculating "2"
FP debug: upn: result      "2"
FP debug: upn: calculating "round(1.000000000000000000:2)"
( FP-ROUND )
FP debug: upn: result      "1.00"
FP debug: upn: +++ result of upn-expression is "(1.00)"
) ( FP-UPN
FP debug: upn: +++ computing upn-expression "indentionLevelValueiiiiii fontscal
e * 2 round"
FP debug: upn: calculating "indentionLevelValueiiiiii"
FP debug: upn: result      "1"
FP debug: upn: calculating "fontscale"
FP debug: upn: result      "1.0"
FP debug: upn: calculating "1.0 mul 1"
( FP-MUL )
FP debug: upn: result      "1.000000000000000000"
FP debug: upn: calculating "2"
FP debug: upn: result      "2"
FP debug: upn: calculating "round(1.000000000000000000:2)"
( FP-ROUND )
FP debug: upn: result      "1.00"
FP debug: upn: +++ result of upn-expression is "(1.00)"
)) (/usr/local/texlive/2009basic/texmf-dist/tex/latex/tools/array.sty
Package: array 2008/09/09 v2.4c Tabular extension package (FMi)
\col@sep=\dimen180
\extrarowheight=\dimen181
\NC@list=\toks43
\extratabsurround=\skip73
\backup@length=\skip74
)
(/usr/local/texlive/2009basic/texmf-dist/tex/latex/booktabs/booktabs.sty
Package: booktabs 2005/04/14 v1.61803 publication quality tables
\heavyrulewidth=\dimen182
\lightrulewidth=\dimen183
\cmidrulewidth=\dimen184
\belowrulesep=\dimen185
\belowbottomsep=\dimen186
\aboverulesep=\dimen187
\abovetopsep=\dimen188
\cmidrulesep=\dimen189
\cmidrulekern=\dimen190
\defaultaddspace=\dimen191
\@cmidla=\count164
\@cmidlb=\count165
\@aboverulesep=\dimen192
\@belowrulesep=\dimen193
\@thisruleclass=\count166
\@lastruleclass=\count167
\@thisrulewidth=\dimen194
)
(/usr/local/texlive/2009basic/texmf-dist/tex/latex/tools/tabularx.sty
Package: tabularx 1999/01/07 v2.07 `tabularx' package (DPC)
\TX@col@width=\dimen195
\TX@old@table=\dimen196
\TX@old@col=\dimen197
\TX@target=\dimen198
\TX@delta=\dimen199
\TX@cols=\count168
\TX@ftn=\toks44
)
\columnheight=\skip75

(./poster-surf.aux)
\openout1 = `poster-surf.aux'.

LaTeX Font Info:    Checking defaults for OML/cmm/m/it on input line 43.
LaTeX Font Info:    ... okay on input line 43.
LaTeX Font Info:    Checking defaults for T1/cmr/m/n on input line 43.
LaTeX Font Info:    ... okay on input line 43.
LaTeX Font Info:    Checking defaults for OT1/cmr/m/n on input line 43.
LaTeX Font Info:    ... okay on input line 43.
LaTeX Font Info:    Checking defaults for OMS/cmsy/m/n on input line 43.
LaTeX Font Info:    ... okay on input line 43.
LaTeX Font Info:    Checking defaults for OMX/cmex/m/n on input line 43.
LaTeX Font Info:    ... okay on input line 43.
LaTeX Font Info:    Checking defaults for U/cmr/m/n on input line 43.
LaTeX Font Info:    ... okay on input line 43.
LaTeX Font Info:    Checking defaults for PD1/pdf/m/n on input line 43.
LaTeX Font Info:    ... okay on input line 43.

(/usr/local/texlive/2009basic/texmf-dist/tex/context/base/supp-pdf.mkii
[Loading MPS to PDF converter (version 2006.09.02).]
\scratchcounter=\count169
\scratchdimen=\dimen200
\scratchbox=\box52
\nofMPsegments=\count170
\nofMParguments=\count171
\everyMPshowfont=\toks45
\MPscratchCnt=\count172
\MPscratchDim=\dimen201
\MPnumerator=\count173
\everyMPtoPDFconversion=\toks46
)
*geometry auto-detecting driver*
*geometry detected driver: pdftex*
-------------------- Geometry parameters
paper: user defined
landscape: --
twocolumn: --
twoside: --
asymmetric: --
h-parts: 28.45274pt, 2331.98808pt, 28.45274pt
v-parts: 0.0pt, 3380.75665pt, 0.0pt
hmarginratio: --
vmarginratio: --
lines: --
heightrounded: --
bindingoffset: 0.0pt
truedimen: --
includehead: true
includefoot: true
includemp: --
driver: pdftex
-------------------- Page layout dimensions and switches
\paperwidth  2388.89357pt
\paperheight 3380.75665pt
\textwidth  2331.98808pt
\textheight 3352.30392pt
\oddsidemargin  -43.81725pt
\evensidemargin -43.81725pt
\topmargin  -72.26999pt
\headheight 14.22636pt
\headsep    0.0pt
\footskip   14.22636pt
\marginparwidth 4.0pt
\marginparsep   10.0pt
\columnsep  10.0pt
\skip\footins  10.0pt plus 4.0pt minus 2.0pt
\hoffset 0.0pt
\voffset 0.0pt
\mag 1000

(1in=72.27pt, 1cm=28.45pt)
-----------------------
Package hyperref Info: Link coloring OFF on input line 43.
(/usr/local/texlive/2009basic/texmf-dist/tex/latex/hyperref/nameref.sty
Package: nameref 2009/12/18 v2.35 Cross-referencing by name of section

(/usr/local/texlive/2009basic/texmf-dist/tex/latex/oberdiek/refcount.sty
Package: refcount 2008/08/11 v3.1 Data extraction from references (HO)
)
(/usr/local/texlive/2009basic/texmf-dist/tex/generic/oberdiek/gettitlestring.st
y
Package: gettitlestring 2009/12/18 v1.3 Cleanup title references (HO)
)
\c@section@level=\count174
)
LaTeX Info: Redefining \ref on input line 43.
LaTeX Info: Redefining \pageref on input line 43.
 (./poster-surf.out) (./poster-surf.out)
\@outlinefile=\write4
\openout4 = `poster-surf.out'.

\AtBeginShipoutBox=\box53
LaTeX Font Info:    Overwriting symbol font `operators' in version `normal'
(Font)                  OT1/cmr/m/n --> OT1/cmss/m/n on input line 43.
LaTeX Font Info:    Overwriting symbol font `operators' in version `bold'
(Font)                  OT1/cmr/bx/n --> OT1/cmss/bx/n on input line 43.
\symnumbers=\mathgroup7
\sympureletters=\mathgroup8
LaTeX Font Info:    Overwriting math alphabet `\mathrm' in version `normal'
(Font)                  OT1/cmss/m/n --> OT1/cmr/m/n on input line 43.
LaTeX Font Info:    Redeclaring math alphabet \mathbf on input line 43.
LaTeX Font Info:    Overwriting math alphabet `\mathbf' in version `normal'
(Font)                  OT1/cmr/bx/n --> OT1/cmss/bx/n on input line 43.
LaTeX Font Info:    Overwriting math alphabet `\mathbf' in version `bold'
(Font)                  OT1/cmr/bx/n --> OT1/cmss/bx/n on input line 43.
LaTeX Font Info:    Redeclaring math alphabet \mathsf on input line 43.
LaTeX Font Info:    Overwriting math alphabet `\mathsf' in version `normal'
(Font)                  OT1/cmss/m/n --> OT1/cmss/m/n on input line 43.
LaTeX Font Info:    Overwriting math alphabet `\mathsf' in version `bold'
(Font)                  OT1/cmss/bx/n --> OT1/cmss/m/n on input line 43.
LaTeX Font Info:    Redeclaring math alphabet \mathit on input line 43.
LaTeX Font Info:    Overwriting math alphabet `\mathit' in version `normal'
(Font)                  OT1/cmr/m/it --> OT1/cmss/m/it on input line 43.
LaTeX Font Info:    Overwriting math alphabet `\mathit' in version `bold'
(Font)                  OT1/cmr/bx/it --> OT1/cmss/m/it on input line 43.
LaTeX Font Info:    Redeclaring math alphabet \mathtt on input line 43.
LaTeX Font Info:    Overwriting math alphabet `\mathtt' in version `normal'
(Font)                  OT1/cmtt/m/n --> OT1/cmtt/m/n on input line 43.
LaTeX Font Info:    Overwriting math alphabet `\mathtt' in version `bold'
(Font)                  OT1/cmtt/m/n --> OT1/cmtt/m/n on input line 43.
LaTeX Font Info:    Overwriting symbol font `numbers' in version `bold'
(Font)                  OT1/cmss/m/n --> OT1/cmss/bx/n on input line 43.
LaTeX Font Info:    Overwriting symbol font `pureletters' in version `bold'
(Font)                  OT1/cmss/m/it --> OT1/cmss/bx/it on input line 43.
LaTeX Font Info:    Overwriting math alphabet `\mathrm' in version `bold'
(Font)                  OT1/cmss/bx/n --> OT1/cmr/bx/n on input line 43.
LaTeX Font Info:    Overwriting math alphabet `\mathbf' in version `bold'
(Font)                  OT1/cmss/bx/n --> OT1/cmss/bx/n on input line 43.
LaTeX Font Info:    Overwriting math alphabet `\mathsf' in version `bold'
(Font)                  OT1/cmss/m/n --> OT1/cmss/bx/n on input line 43.
LaTeX Font Info:    Overwriting math alphabet `\mathit' in version `bold'
(Font)                  OT1/cmss/m/it --> OT1/cmss/bx/it on input line 43.
LaTeX Font Info:    Overwriting math alphabet `\mathtt' in version `bold'
(Font)                  OT1/cmtt/m/n --> OT1/cmtt/bx/n on input line 43.
LaTeX Info: Redefining \selectfont on input line 43.
 (./poster-surf.nav)
<figures/deselaers/logos/universidaddelosandescolombia.png, id=10, 830.10126pt 
x 350.30875pt>
File: figures/deselaers/logos/universidaddelosandescolombia.png Graphic file (t
ype png)
 <use figures/deselaers/logos/universidaddelosandescolombia.png>
LaTeX Font Info:    Calculating math sizes for size <23.64> on input line 286.


LaTeX Font Warning: Font shape `OT1/cmss/bx/it' undefined
(Font)              using `OT1/cmss/bx/n' instead on input line 286.


LaTeX Font Warning: Font shape `OT1/cmss/m/it' in size <16.54791> not available

(Font)              Font shape `OT1/cmss/m/sl' tried instead on input line 286.


LaTeX Font Info:    Calculating math sizes for size <16.42> on input line 286.

LaTeX Font Warning: Font shape `OT1/cmss/m/it' in size <11.49394> not available

(Font)              Font shape `OT1/cmss/m/sl' tried instead on input line 286.


<images/evolution.pdf, id=12, 794.97pt x 614.295pt>
File: images/evolution.pdf Graphic file (type pdf)
 <use images/evolution.pdf>
<images/Moranprocess.pdf, id=15, 794.97pt x 614.295pt>
<use images/Moranprocess.pdf> <use images/Moranprocess.pdf>
File: images/Moranprocess.pdf Graphic file (type pdf)

<use images/Moranprocess.pdf> <images/plot.pdf, id=17, 682.55pt x 481.8pt>
<use images/plot.pdf> <images/m10n10q0001.pdf, id=18, 682.55pt x 481.8pt>
<use images/m10n10q0001.pdf> <use images/plot.pdf>
<use images/m10n10q0001.pdf>
File: images/plot.pdf Graphic file (type pdf)
 <use images/plot.pdf>
File: images/m10n10q0001.pdf Graphic file (type pdf)

<use images/m10n10q0001.pdf> <images/Rplots.pdf, id=20, 505.89pt x 505.89pt>
<use images/Rplots.pdf>
<images/TriangularFunction.jpg, id=21, 682.55pt x 481.8pt>
<use images/TriangularFunction.jpg>
<images/triangularfunctionHistogram.pdf, id=22, 481.54063pt x 447.49072pt>
<use images/triangularfunctionHistogram.pdf> <use images/Rplots.pdf>
<use images/TriangularFunction.jpg>
<use images/triangularfunctionHistogram.pdf>
File: images/Rplots.pdf Graphic file (type pdf)
 <use images/Rplots.pdf>
File: images/TriangularFunction.jpg Graphic file (type jpg)

<use images/TriangularFunction.jpg>
File: images/triangularfunctionHistogram.pdf Graphic file (type pdf)

<use images/triangularfunctionHistogram.pdf>
<images/SigmaVariationLTfitness.pdf, id=23, 682.55pt x 481.8pt>
<use images/SigmaVariationLTfitness.pdf>
<images/nocenteredVsSigma.pdf, id=24, 682.55pt x 481.8pt>
<use images/nocenteredVsSigma.pdf>
<images/AveragetimeFitness.pdf, id=25, 682.55pt x 481.8pt>
<use images/AveragetimeFitness.pdf> <use images/SigmaVariationLTfitness.pdf>
<use images/nocenteredVsSigma.pdf> <use images/AveragetimeFitness.pdf>
File: images/SigmaVariationLTfitness.pdf Graphic file (type pdf)

<use images/SigmaVariationLTfitness.pdf>
File: images/nocenteredVsSigma.pdf Graphic file (type pdf)
 <use images/nocenteredVsSigma.pdf>
File: images/AveragetimeFitness.pdf Graphic file (type pdf)

<use images/AveragetimeFitness.pdf>
Underfull \hbox (badness 1286) in paragraph at lines 286--286
[]\OT1/cmss/m/n/23.64 In our sim-u-la-tion we mea-sure the ef-fects of noise on
 the av-er-age fix-a-tion time of an al-lele in a con-
 []


Overfull \hbox (15.2652pt too wide) in paragraph at lines 286--286
[][] 
 []

<images/groupselection.pdf, id=28, 682.55pt x 481.8pt>
<use images/groupselection.pdf>
<images/cirticbc.pdf, id=29, 583.39262pt x 393.07481pt>
<use images/cirticbc.pdf> <use images/groupselection.pdf>
<use images/cirticbc.pdf>
File: images/groupselection.pdf Graphic file (type pdf)
 <use images/groupselection.pdf>
File: images/cirticbc.pdf Graphic file (type pdf)

<use images/cirticbc.pdf>
Overfull \hbox (32.40752pt too wide) in paragraph at lines 286--286
 [][]  
 []

<images/commongoodCooperation.pdf, id=30, 794.97pt x 614.295pt>
File: images/commongoodCooperation.pdf Graphic file (type pdf)

<use images/commongoodCooperation.pdf>
<images/fixprobabilityVsmean0.pdf, id=33, 682.55pt x 481.8pt>
<use images/fixprobabilityVsmean0.pdf>
<images/fixprobabilityVsmean1Benefit.pdf, id=34, 697.60625pt x 501.875pt>
<use images/fixprobabilityVsmean1Benefit.pdf>
<images/probaCoopeSinglegroup.pdf, id=35, 872.25874pt x 526.96875pt>
<use images/probaCoopeSinglegroup.pdf>
<images/probaCoomixedGroup.pdf, id=36, 682.55pt x 481.8pt>
<use images/probaCoomixedGroup.pdf> <use images/fixprobabilityVsmean0.pdf>
<use images/fixprobabilityVsmean1Benefit.pdf>
<use images/probaCoopeSinglegroup.pdf> <use images/probaCoomixedGroup.pdf>
File: images/fixprobabilityVsmean0.pdf Graphic file (type pdf)

<use images/fixprobabilityVsmean0.pdf>
File: images/fixprobabilityVsmean1Benefit.pdf Graphic file (type pdf)

<use images/fixprobabilityVsmean1Benefit.pdf>
File: images/probaCoopeSinglegroup.pdf Graphic file (type pdf)

<use images/probaCoopeSinglegroup.pdf>
File: images/probaCoomixedGroup.pdf Graphic file (type pdf)
 <use images/probaCoomixedGroup.pdf>
(./poster-surf.bbl

LaTeX Font Warning: Font shape `OT1/cmss/m/it' in size <19.7> not available
(Font)              Font shape `OT1/cmss/m/sl' tried instead on input line 6.

)
Overfull \hbox (15.2652pt too wide) in paragraph at lines 286--286
[][] 
 []

File: figures/deselaers/logos/universidaddelosandescolombia.png Graphic file (t
ype png)
<use figures/deselaers/logos/universidaddelosandescolombia.png> [1{/usr/local/t
exlive/2009basic/texmf-var/fonts/map/pdftex/updmap/pdftex.map}

 <./figures/deselaers/logos/universidaddelosandescolombia.png (PNG copy)> <./im
ages/evolution.pdf> <./images/Moranprocess.pdf> <./images/plot.pdf> <./images/m
10n10q0001.pdf> <./images/Rplots.pdf> <./images/TriangularFunction.jpg> <./imag
es/triangularfunctionHistogram.pdf> <./images/SigmaVariationLTfitness.pdf> <./i
mages/nocenteredVsSigma.pdf> <./images/AveragetimeFitness.pdf> <./images/groups
election.pdf> <./images/cirticbc.pdf> <./images/commongoodCooperation.pdf> <./i
mages/fixprobabilityVsmean0.pdf> <./images/fixprobabilityVsmean1Benefit.pdf> <.
/images/probaCoopeSinglegroup.pdf> <./images/probaCoomixedGroup.pdf>]
\tf@nav=\write5
\openout5 = `poster-surf.nav'.

\tf@toc=\write6
\openout6 = `poster-surf.toc'.

\tf@snm=\write7
\openout7 = `poster-surf.snm'.

Package atveryend Info: Empty hook `BeforeClearDocument' on input line 287.
Package atveryend Info: Empty hook `AfterLastShipout' on input line 287.
 (./poster-surf.aux)
Package atveryend Info: Executing hook `AtVeryEndDocument' on input line 287.
Package rerunfilecheck Info: File `poster-surf.out' has not changed.
(rerunfilecheck)             Checksum: D41D8CD98F00B204E9800998ECF8427E;0.


 *File List*
  beamer.cls    2007/03/11 cvs version 3.07 A class for typesetting presentatio
ns (rcs-revision 1.70)
beamerbasercs.sty    2007/01/28 (rcs-revision 1.4)
beamerbasemodes.sty    2007/01/28 (rcs-revision 1.22)
beamerbasedecode.sty    2007/01/28 (rcs-revision 1.20)
beamerbaseoptions.sty    2007/01/28 (rcs-revision 1.8)
  keyval.sty    1999/03/16 v1.13 key=value parser (DPC)
 pgfcore.sty    2008/01/15 v2.00 (rcs-revision 1.6)
graphicx.sty    1999/02/16 v1.0f Enhanced LaTeX Graphics (DPC,SPQR)
graphics.sty    2009/02/05 v1.0o Standard LaTeX Graphics (DPC,SPQR)
    trig.sty    1999/03/16 v1.09 sin cos tan (DPC)
graphics.cfg    2009/08/28 v1.8 graphics configuration of TeX Live
  pdftex.def    2009/08/25 v0.04m Graphics/color for pdfTeX
  pgfsys.sty    2008/02/07 v2.00 (rcs-revision 1.31)
  pgfrcs.sty    2008/02/20 v2.00 (rcs-revision 1.21)
  pgfrcs.code.tex
  pgfsys.code.tex
pgfsyssoftpath.code.tex    2008/01/23  (rcs-revision 1.6)
pgfsysprotocol.code.tex    2006/10/16  (rcs-revision 1.4)
  xcolor.sty    2007/01/21 v2.11 LaTeX color extensions (UK)
   color.cfg    2007/01/18 v1.5 color configuration of teTeX/TeXLive
 pgfcore.code.tex
pgfbaseimage.sty    
 xxcolor.sty    2003/10/24 ver 0.1
 amssymb.sty    2009/06/22 v3.00
amsfonts.sty    2009/06/22 v3.00 Basic AMSFonts support
geometry.sty    2008/12/21 v4.2 Page Geometry
   ifpdf.sty    2009/04/10 v2.0 Provides the ifpdf switch (HO)
  ifvtex.sty    2008/11/04 v1.4 Switches for detecting VTeX and its modes (HO)
geometry.cfg
hyperref.sty    2010/01/11 v6.80b Hypertext links for LaTeX
kvsetkeys.sty    2009/12/22 v1.7 Key value parser (HO)
infwarerr.sty    2007/09/09 v1.2 Providing info/warning/message (HO)
etexcmds.sty    2007/12/12 v1.2 Prefix for e-TeX command names (HO)
pdfescape.sty    2007/11/11 v1.8 Provides hex, PDF name and string conversions 
(HO)
pdftexcmds.sty    2009/12/12 v0.7 Utility functions of pdfTeX for LuaTeX (HO)
ifluatex.sty    2009/04/17 v1.2 Provides the ifluatex switch (HO)
 ltxcmds.sty    2009/12/12 v1.1 LaTeX kernel commands for general use (HO)
 ifxetex.sty    2009/01/23 v0.5 Provides ifxetex conditional
 hycolor.sty    2009/12/12 v1.6 Color options of hyperref/bookmark (HO)
xcolor-patch.sty    2009/12/12 xcolor patch
  pd1enc.def    2010/01/11 v6.80b Hyperref: PDFDocEncoding definition (HO)
 intcalc.sty    2007/09/27 v1.1 Expandable integer calculations (HO)
hyperref.cfg    2002/06/06 v1.2 hyperref configuration of TeXLive
kvoptions.sty    2009/12/08 v3.6 Keyval support for LaTeX options (HO)
     url.sty    2006/04/12  ver 3.3  Verb mode for urls, etc.
  bitset.sty    2007/09/28 v1.0 Data type bit set (HO)
bigintcalc.sty    2007/11/11 v1.1 Expandable big integer calculations (HO)
atbegshi.sty    2009/12/02 v1.10 At begin shipout hook (HO)
 hpdftex.def    2010/01/11 v6.80b Hyperref driver for pdfTeX
rerunfilecheck.sty    2009/12/18 v1.2 Rerun checks for auxiliary files (HO)
atveryend.sty    2009/12/11 v1.3 Hooks at very end of document (HO)
uniquecounter.sty    2009/12/18 v1.1 Provides unlimited unique counter (HO)
  size11.clo    2007/10/19 v1.4h Standard LaTeX file (size option)
beamerbasecompatibility.sty    2007/01/28  (rcs-revision 1.63)
beamerbasefont.sty    2007/01/28  (rcs-revision 1.16)
beamerbasemisc.sty    2007/01/28  (rcs-revision 1.24)
beamerbasetwoscreens.sty    2009/06/14  (rcs-revision 1.71)
beamerbaseoverlay.sty    2007/01/28  (rcs-revision 1.50)
beamerbasetitle.sty    2007/01/28  (rcs-revision 1.25)
beamerbasesection.sty    2007/01/28  (rcs-revision 1.21)
beamerbaseframe.sty    2007/01/28  (rcs-revision 1.60)
beamerbaseverbatim.sty    2007/01/28  (rcs-revision 1.8)
beamerbaseframesize.sty    2007/01/28  (rcs-revision 1.18)
beamerbaseframecomponents.sty    2007/01/28  (rcs-revision 1.41)
beamerbasecolor.sty    2007/01/28  (rcs-revision 1.42)
beamerbasenotes.sty    2007/01/28  (rcs-revision 1.23)
beamerbasetoc.sty    2007/01/28  (rcs-revision 1.21)
beamerbasetemplates.sty    2007/01/28  (rcs-revision 1.51)
beamerbaseauxtemplates.sty    2007/01/28  (rcs-revision 1.28)
beamerbaseboxes.sty    2007/03/11  (rcs-revision 1.32)
beamerbaselocalstructure.sty    2007/01/28  (rcs-revision 1.53)
enumerate.sty    1999/03/05 v3.00 enumerate extensions (DPC)
beamerbasenavigation.sty    2007/01/28  (rcs-revision 1.36)
beamerbasetheorems.sty    2007/01/28  (rcs-revision 1.10)
 amsmath.sty    2000/07/18 v2.13 AMS math features
 amstext.sty    2000/06/29 v2.01
  amsgen.sty    1999/11/30 v2.0
  amsbsy.sty    1999/11/29 v1.2d
  amsopn.sty    1999/12/14 v2.01 operator names
  amsthm.sty    2004/08/06 v2.20
beamerbasethemes.sty    2007/01/28  (rcs-revision 1.10)
beamerthemedefault.sty    2007/01/28  (rcs-revision 1.7)
beamerfontthemedefault.sty    2007/01/28  (rcs-revision 1.13)
beamercolorthemedefault.sty    2007/01/28  (rcs-revision 1.28)
beamerinnerthemedefault.sty    2007/01/28  (rcs-revision 1.20)
beamerouterthemedefault.sty    2007/01/28  (rcs-revision 1.14)
 grffile.sty    2009/09/25 v1.10 Extended file name support for graphics (HO)
ragged2e.sty    2009/05/21 v2.1 ragged2e Package (MS)
everysel.sty    2009/05/30 v1.1 EverySelectfont Package (MS)
beamerthemeI6pd2.sty    
tangocolors.sty    
   babel.sty    2008/07/06 v3.8l The Babel package
 english.ldf    2005/03/30 v3.3o English support from the babel system
inputenc.sty    2008/03/30 v1.1d Input encoding file
  latin1.def    2008/03/30 v1.1d Input encoding file
latexsym.sty    1998/08/17 v2.2e Standard LaTeX package (lasy symbols)
setspace.sty    2000/12/01 6.7 Contributed and Supported LaTeX2e package
beamerposter.sty    2009/09/02 v.1.10 latex-beamer poster extension
 xkeyval.sty    2008/08/13 v2.6a package option processing (HA)
 xkeyval.tex    2008/08/13 v2.6a key=value parser (HA)
 type1cm.sty    1997/02/17 v0.03 BlueSky/Y&Y Type1 CM font definitions (DPC)
      fp.sty    1995/04/02
defpattern.sty    1994/10/12
fp-basic.sty    1996/05/13
fp-addons.sty    1995/03/15
 fp-snap.sty    1995/04/05
  fp-exp.sty    1995/04/03
fp-trigo.sty    1995/04/14
  fp-pas.sty    1994/08/29
fp-random.sty    1995/02/23
  fp-eqn.sty    1995/04/03
  fp-upn.sty    1996/10/21
 fp-eval.sty    1995/04/03
paralist.sty    2002/03/18 v2.3b Extended list environments (BS)
   array.sty    2008/09/09 v2.4c Tabular extension package (FMi)
booktabs.sty    2005/04/14 v1.61803 publication quality tables
tabularx.sty    1999/01/07 v2.07 `tabularx' package (DPC)
supp-pdf.mkii
 nameref.sty    2009/12/18 v2.35 Cross-referencing by name of section
refcount.sty    2008/08/11 v3.1 Data extraction from references (HO)
gettitlestring.sty    2009/12/18 v1.3 Cleanup title references (HO)
poster-surf.out
poster-surf.out
figures/deselaers/logos/universidaddelosandescolombia.png
images/evolution.pdf
images/Moranprocess.pdf
images/Moranprocess.pdf
images/Moranprocess.pdf
images/plot.pdf
images/m10n10q0001.pdf
images/plot.pdf
images/m10n10q0001.pdf
images/plot.pdf
images/m10n10q0001.pdf
images/Rplots.pdf
images/TriangularFunction.jpg
images/triangularfunctionHistogram.pdf
images/Rplots.pdf
images/TriangularFunction.jpg
images/triangularfunctionHistogram.pdf
images/Rplots.pdf
images/TriangularFunction.jpg
images/triangularfunctionHistogram.pdf
images/SigmaVariationLTfitness.pdf
images/nocenteredVsSigma.pdf
images/AveragetimeFitness.pdf
images/SigmaVariationLTfitness.pdf
images/nocenteredVsSigma.pdf
images/AveragetimeFitness.pdf
images/SigmaVariationLTfitness.pdf
images/nocenteredVsSigma.pdf
images/AveragetimeFitness.pdf
images/groupselection.pdf
images/cirticbc.pdf
images/groupselection.pdf
images/cirticbc.pdf
images/groupselection.pdf
images/cirticbc.pdf
images/commongoodCooperation.pdf
images/fixprobabilityVsmean0.pdf
images/fixprobabilityVsmean1Benefit.pdf
images/probaCoopeSinglegroup.pdf
images/probaCoomixedGroup.pdf
images/fixprobabilityVsmean0.pdf
images/fixprobabilityVsmean1Benefit.pdf
images/probaCoopeSinglegroup.pdf
images/probaCoomixedGroup.pdf
images/fixprobabilityVsmean0.pdf
images/fixprobabilityVsmean1Benefit.pdf
images/probaCoopeSinglegroup.pdf
images/probaCoomixedGroup.pdf
poster-surf.bbl
figures/deselaers/logos/universidaddelosandescolombia.png
 ***********


LaTeX Font Warning: Some font shapes were not available, defaults substituted.

 ) 
Here is how much of TeX's memory you used:
 14698 strings out of 494725
 260352 string characters out of 3170734
 526300 words of memory out of 3000000
 17480 multiletter control sequences out of 15000+200000
 23801 words of font info for 95 fonts, out of 3000000 for 9000
 188 hyphenation exceptions out of 8191
 41i,26n,66p,696b,1432s stack positions out of 5000i,500n,10000p,200000b,50000s
</usr/local/texlive/2009basic/texmf-dist/fonts/type1/public/amsfonts/cm/cmbsy
10.pfb></usr/local/texlive/2009basic/texmf-dist/fonts/type1/public/amsfonts/cm/
cmex10.pfb></usr/local/texlive/2009basic/texmf-dist/fonts/type1/public/amsfonts
/cm/cmmib10.pfb></usr/local/texlive/2009basic/texmf-dist/fonts/type1/public/ams
fonts/cm/cmss12.pfb></usr/local/texlive/2009basic/texmf-dist/fonts/type1/public
/amsfonts/cm/cmss17.pfb></usr/local/texlive/2009basic/texmf-dist/fonts/type1/pu
blic/amsfonts/cm/cmssbx10.pfb></usr/local/texlive/2009basic/texmf-dist/fonts/ty
pe1/public/amsfonts/cm/cmssi10.pfb></usr/local/texlive/2009basic/texmf-dist/fon
ts/type1/public/amsfonts/cm/cmssi12.pfb></usr/local/texlive/2009basic/texmf-dis
t/fonts/type1/public/amsfonts/cm/cmssi17.pfb></usr/local/texlive/2009basic/texm
f-dist/fonts/type1/public/amsfonts/cm/cmtt12.pfb></usr/local/texlive/2009basic/
texmf-dist/fonts/type1/public/amsfonts/symbols/msam10.pfb>
Output written on poster-surf.pdf (1 page, 838692 bytes).
PDF statistics:
 443 PDF objects out of 1000 (max. 8388607)
 8 named destinations out of 1000 (max. 500000)
 123 words of extra memory for PDF output out of 10000 (max. 10000000)

