This is pdfTeX, Version 3.1415926-1.40.10 (TeX Live 2009) (format=pdflatex 2010.8.28)  18 JUL 2012 12:25
entering extended mode
 \write18 enabled.
 file:line:error style messages enabled.
 %&-line parsing enabled.
**type1cm-6.ins
(./type1cm-6.ins
LaTeX2e <2009/09/24>
Babel <v3.8l> and hyphenation patterns for english, usenglishmax, dumylang, noh
yphenation, basque, danish, dutch, finnish, french, german, ngerman, hungarian,
 italian, bokmal, nynorsk, polish, portuguese, spanish, swedish, ukenglish, loa
ded.
(/usr/local/texlive/2009basic/texmf-dist/tex/latex/base/docstrip.tex
\blockLevel=\count79
\emptyLines=\count80
\processedLines=\count81
\commentsRemoved=\count82
\commentsPassed=\count83
\codeLinesPassed=\count84
\TotalprocessedLines=\count85
\TotalcommentsRemoved=\count86
\TotalcommentsPassed=\count87
\TotalcodeLinesPassed=\count88
\NumberOfFiles=\count89
\inFile=\read1
\inputcheck=\read2
\off@0=\count90
\off@1=\count91
\off@2=\count92
\off@3=\count93
\off@4=\count94
\off@5=\count95
\off@6=\count96
\off@7=\count97
\off@8=\count98
\off@9=\count99
\off@10=\count100
\off@11=\count101
\off@12=\count102
\off@13=\count103
\off@14=\count104
\off@15=\count105
\@maxfiles=\count106
\@maxoutfiles=\count107

Utility: `docstrip' 2.5d <2005/07/29>
English documentation    <1999/03/31>

**********************************************************
* This program converts documented macro-files into fast *
* loadable files by stripping off (nearly) all comments! *
**********************************************************

********************************************************
* No Configuration file found, using default settings. *
********************************************************

/usr/local/texlive/2009basic/texmf-dist/tex/latex/base/docstrip.tex:1092: 
**************************************************
* Could not find your \batchfile=type1cm.ins.
**************************************************.
\processbatchFile ...****************************}
                                                  \fi \else \ifDefault \Msg ...
l.1092 \process@first@batchfile
                               
? 
/usr/local/texlive/2009basic/texmf-dist/tex/latex/base/docstrip.tex:1092: Emerg
ency stop.
\processbatchFile ...****************************}
                                                  \fi \else \ifDefault \Msg ...
l.1092 \process@first@batchfile
                               
A batchfile specified in \batchinput could not be found.

 
Here is how much of TeX's memory you used:
 295 strings out of 494725
 3167 string characters out of 3170734
 50612 words of memory out of 3000000
 3605 multiletter control sequences out of 15000+200000
 3640 words of font info for 14 fonts, out of 3000000 for 9000
 188 hyphenation exceptions out of 8191
 7i,0n,9p,129b,10s stack positions out of 5000i,500n,10000p,200000b,50000s
/usr/local/texlive/2009basic/texmf-dist/tex/latex/base/docstrip.tex:1092:  ==> 
Fatal error occurred, no output PDF file produced!
9 string characters out of 3170734
 50930 words of memory out of 3000000
 3605 multiletter control sequences out of 15000+200000
 3640 words of font info for 14 fonts, out of 3000000 for 9000
 188 hyphenation exceptions out of 8191
 9i,0n,9p,129b,17s stack positions out of 5000i,500n,10000p,200000b,50000s

No pages of output.
PDF statistics:
 0 PDF objects out of 1000 (max. 8388607)
 0 named destinations out of 1000 (max. 500000)
 1 words of extra memory for PDF output out of 10000 (max. 10000000)

