This is pdfTeX, Version 3.1415926-1.40.10 (TeX Live 2009) (format=pdflatex 2010.8.28)  3 OCT 2012 15:02
entering extended mode
 \write18 enabled.
 file:line:error style messages enabled.
 %&-line parsing enabled.
**chapter4.tex
(./chapter4.tex
LaTeX2e <2009/09/24>
Babel <v3.8l> and hyphenation patterns for english, usenglishmax, dumylang, noh
yphenation, basque, danish, dutch, finnish, french, german, ngerman, hungarian,
 italian, bokmal, nynorsk, polish, portuguese, spanish, swedish, ukenglish, loa
ded.
./chapter4.tex:2: Undefined control sequence.
l.2 \chapter
            {Game Theory, Cooperation and Fitness}
? 
./chapter4.tex:2: Emergency stop.
l.2 \chapter
            {Game Theory, Cooperation and Fitness}
End of file on the terminal!

 
Here is how much of TeX's memory you used:
 5 strings out of 494725
 130 string characters out of 3170734
 45651 words of memory out of 3000000
 3321 multiletter control sequences out of 15000+200000
 3640 words of font info for 14 fonts, out of 3000000 for 9000
 188 hyphenation exceptions out of 8191
 5i,0n,1p,89b,8s stack positions out of 5000i,500n,10000p,200000b,50000s
./chapter4.tex:2:  ==> Fatal error occurred, no output PDF file produced!

